<?xml version="1.0" encoding="UTF-8"?>
<!-- Generated by org.testng.reporters.JUnitXMLReporter -->
<testsuite ignored="0" hostname="LAPTOP-RD7G2GLV" failures="1" tests="7" name="Ujian minggu ke 5" time="46.748" errors="0" timestamp="2024-12-21T17:57:40 WIB">
  <testcase classname="com.LoginTest" name="emptyLoginTest" time="2.084"/>
  <testcase classname="com.LoginTest" name="loginPasswordInvalidTest" time="3.033"/>
  <testcase classname="com.LoginTest" name="loginTestSuccess" time="1.78"/>
  <testcase classname="com.LoginTest" name="loginUsernameInvalidTest" time="2.233"/>
  <testcase classname="com.CoTest" name="checkoutEmptyCartTest" time="1.591">
    <failure type="java.lang.AssertionError" message="Terdeteksi checkout berhasil dengan keranjang kosnog">
      <![CDATA[java.lang.AssertionError: Terdeteksi checkout berhasil dengan keranjang kosnog
at com.CoTest.checkoutEmptyCartTest(CoTest.java:87)
at java.base/java.util.ArrayList.forEach(ArrayList.java:1511)
... Removed 32 stack frames]]>
    </failure>
  </testcase> <!-- checkoutEmptyCartTest -->
  <testcase classname="com.CoTest" name="missingCheckoutDetailsTest" time="6.857"/>
  <testcase classname="com.CoTest" name="successCheckoutTest" time="1.827"/>
</testsuite> <!-- Ujian minggu ke 5 -->
